2023-04-25T17:22:13+00:00 CRITICAL Uncaught Error: Failed opening required '/home/shopmas4/public_html/wp-content/plugins/google-listings-and-ads/src/API/Google/AdsAsset.php' (include_path='.:/opt/cpanel/ea-php80/root/usr/share/pear') in /home/shopmas4/public_html/wp-content/plugins/jetpack/vendor/jetpack-autoloader/class-php-autoloader.php:90
Stack trace:
#0 [internal function]: Automattic\Jetpack\Autoloader\jpf11009ded9fc4592b6a05b61ce272b3c_jetpackⓥ12_0\PHP_Autoloader::load_class('Automattic\\WooC...')
#1 /home/shopmas4/public_html/wp-content/plugins/google-listings-and-ads/vendor/league/container/src/Definition/Definition.php(211): class_exists('Automattic\\WooC...')
#2 /home/shopmas4/public_html/wp-content/plugins/google-listings-and-ads/vendor/league/container/src/Definition/DefinitionAggregate.php(94): Automattic\WooCommerce\GoogleListingsAndAds\Vendor\League\Container\Definition\Definition->resolve(false)
#3 /home/shopmas4/public_html/wp-content/plugins/google-listings-and-ads/vendor/league/container/src/Container.php(157): Automattic\WooCommerce\GoogleListingsAndAds\Vendor\League\Container\Definition\DefinitionAggregate->resolve('Automattic\\WooC...', false)
#4 /home/shopmas4/public_html/wp-content/plugins/google-listings-and-ads/vendor/league/container/src/Argument/ArgumentResolverTrait.php(45): Automattic\WooCommerce\GoogleListingsAndAds\Vendor\League\Container\Container->get('Automattic\\WooC...')
#5 [internal function]: Automattic\WooCommerce\GoogleListingsAndAds\Vendor\League\Container\Definition\Definition->Automattic\WooCommerce\GoogleListingsAndAds\Vendor\League\Container\Argument\{closure}('Automattic\\WooC...')
#6 /home/shopmas4/public_html/wp-content/plugins/google-listings-and-ads/vendor/league/container/src/Argument/ArgumentResolverTrait.php(19): array_map(Object(Closure), Array)
#7 /home/shopmas4/public_html/wp-content/plugins/google-listings-and-ads/vendor/league/container/src/Definition/Definition.php(253): Automattic\WooCommerce\GoogleListingsAndAds\Vendor\League\Container\Definition\Definition->resolveArguments(Array)
#8 /home/shopmas4/public_html/wp-content/plugins/google-listings-and-ads/vendor/league/container/src/Definition/Definition.php(212): Automattic\WooCommerce\GoogleListingsAndAds\Vendor\League\Container\Definition\Definition->resolveClass('Automattic\\WooC...')
#9 /home/shopmas4/public_html/wp-content/plugins/google-listings-and-ads/vendor/league/container/src/Definition/DefinitionAggregate.php(94): Automattic\WooCommerce\GoogleListingsAndAds\Vendor\League\Container\Definition\Definition->resolve(false)
#10 /home/shopmas4/public_html/wp-content/plugins/google-listings-and-ads/vendor/league/container/src/Container.php(157): Automattic\WooCommerce\GoogleListingsAndAds\Vendor\League\Container\Definition\DefinitionAggregate->resolve('Automattic\\WooC...', false)
#11 /home/shopmas4/public_html/wp-content/plugins/google-listings-and-ads/vendor/league/container/src/Container.php(178): Automattic\WooCommerce\GoogleListingsAndAds\Vendor\League\Container\Container->get('Automattic\\WooC...', false)
#12 /home/shopmas4/public_html/wp-content/plugins/google-listings-and-ads/vendor/league/container/src/Argument/ArgumentResolverTrait.php(45): Automattic\WooCommerce\GoogleListingsAndAds\Vendor\League\Container\Container->get('Automattic\\WooC...')
#13 [internal function]: Automattic\WooCommerce\GoogleListingsAndAds\Vendor\League\Container\Definition\Definition->Automattic\WooCommerce\GoogleListingsAndAds\Vendor\League\Container\Argument\{closure}('Automattic\\WooC...')
#14 /home/shopmas4/public_html/wp-content/plugins/google-listings-and-ads/vendor/league/container/src/Argument/ArgumentResolverTrait.php(19): array_map(Object(Closure), Array)
#15 /home/shopmas4/public_html/wp-content/plugins/google-listings-and-ads/vendor/league/container/src/Definition/Definition.php(253): Automattic\WooCommerce\GoogleListingsAndAds\Vendor\League\Container\Definition\Definition->resolveArguments(Array)
#16 /home/shopmas4/public_html/wp-content/plugins/google-listings-and-ads/vendor/league/container/src/Definition/Definition.php(212): Automattic\WooCommerce\GoogleListingsAndAds\Vendor\League\Container\Definition\Definition->resolveClass('Automattic\\WooC...')
#17 /home/shopmas4/public_html/wp-content/plugins/google-listings-and-ads/vendor/league/container/src/Definition/DefinitionAggregate.php(106): Automattic\WooCommerce\GoogleListingsAndAds\Vendor\League\Container\Definition\Definition->resolve(false)
#18 /home/shopmas4/public_html/wp-content/plugins/google-listings-and-ads/vendor/league/container/src/Container.php(162): Automattic\WooCommerce\GoogleListingsAndAds\Vendor\League\Container\Definition\DefinitionAggregate->resolveTagged('Automattic\\WooC...', false)
#19 /home/shopmas4/public_html/wp-content/plugins/google-listings-and-ads/vendor/league/container/src/Container.php(178): Automattic\WooCommerce\GoogleListingsAndAds\Vendor\League\Container\Container->get('Automattic\\WooC...', false)
#20 /home/shopmas4/public_html/wp-content/plugins/google-listings-and-ads/src/Container.php(90): Automattic\WooCommerce\GoogleListingsAndAds\Vendor\League\Container\Container->get('Automattic\\WooC...')
#21 /home/shopmas4/public_html/wp-content/plugins/google-listings-and-ads/src/Infrastructure/GoogleListingsAndAdsPlugin.php(139): Automattic\WooCommerce\GoogleListingsAndAds\Container->get('Automattic\\WooC...')
#22 /home/shopmas4/public_html/wp-content/plugins/google-listings-and-ads/src/Infrastructure/GoogleListingsAndAdsPlugin.php(97): Automattic\WooCommerce\GoogleListingsAndAds\Infrastructure\GoogleListingsAndAdsPlugin->maybe_register_services()
#23 /home/shopmas4/public_html/wp-includes/class-wp-hook.php(308): Automattic\WooCommerce\GoogleListingsAndAds\Infrastructure\GoogleListingsAndAdsPlugin->Automattic\WooCommerce\GoogleListingsAndAds\Infrastructure\{closure}('')
#24 /home/shopmas4/public_html/wp-includes/class-wp-hook.php(332): WP_Hook->apply_filters(NULL, Array)
#25 /home/shopmas4/public_html/wp-includes/plugin.php(517): WP_Hook->do_action(Array)
#26 /home/shopmas4/public_html/wp-settings.php(486): do_action('plugins_loaded')
#27 /home/shopmas4/public_html/wp-config.php(101): require_once('/home/shopmas4/...')
#28 /home/shopmas4/public_html/wp-load.php(50): require_once('/home/shopmas4/...')
#29 /home/shopmas4/public_html/wp-blog-header.php(13): require_once('/home/shopmas4/...')
#30 /home/shopmas4/public_html/index.php(17): require('/home/shopmas4/...')
#31 {main}
  thrown in /home/shopmas4/public_html/wp-content/plugins/jetpack/vendor/jetpack-autoloader/class-php-autoloader.php on line 90

